<?xml version="1.0" encoding="UTF-8"?>
<!-- Generated by org.testng.reporters.JUnitReportReporter -->
<testsuite skipped="0" hostname="ELF34-Afshan" name="Advance_Selenium.DRopDownWithOutSElect" tests="1" failures="0" timestamp="12 Jun 2022 06:42:40 GMT" time="22.628" errors="1">
  <testcase name="dropdown" time="22.628" classname="Advance_Selenium.DRopDownWithOutSElect">
    <error type="org.openqa.selenium.SessionNotCreatedException" message="session not created
from chrome not reachable
  (Session info: chrome=102.0.5005.63)
Build info: version: &#039;3.141.59&#039;, revision: &#039;e82be7d358&#039;, time: &#039;2018-11-14T08:25:53&#039;
System info: host: &#039;ELF34-AFSHAN&#039;, ip: &#039;10.10.21.40&#039;, os.name: &#039;Windows 10&#039;, os.arch: &#039;amd64&#039;, os.version: &#039;10.0&#039;, java.version: &#039;1.8.0_202&#039;
Driver info: driver.version: ChromeDriver
remote stacktrace: Backtrace:
	Ordinal0 [0x0054D953+2414931]
	Ordinal0 [0x004DF5E1+1963489]
	Ordinal0 [0x003CC580+836992]
	Ordinal0 [0x003C01E2+786914]
	Ordinal0 [0x003C0A18+789016]
	Ordinal0 [0x003C22F2+795378]
	Ordinal0 [0x003BBCA9+769193]
	Ordinal0 [0x003CDA30+842288]
	Ordinal0 [0x0041A199+1155481]
	Ordinal0 [0x00418D5A+1150298]
	Ordinal0 [0x004142B6+1131190]
	Ordinal0 [0x003EE860+976992]
	Ordinal0 [0x003EF756+980822]
	GetHandleVerifier [0x007BCC62+2510274]
	GetHandleVerifier [0x007AF760+2455744]
	GetHandleVerifier [0x005DEABA+551962]
	GetHandleVerifier [0x005DD916+547446]
	Ordinal0 [0x004E5F3B+1990459]
	Ordinal0 [0x004EA898+2009240]
	Ordinal0 [0x004EA985+2009477]
	Ordinal0 [0x004F3AD1+2046673]
	BaseThreadInitThunk [0x7578FA29+25]
	RtlGetAppContainerNamedObjectPath [0x77177A7E+286]
	RtlGetAppContainerNamedObjectPath [0x77177A4E+238]
">
      <![CDATA[org.openqa.selenium.SessionNotCreatedException: session not created
from chrome not reachable
  (Session info: chrome=102.0.5005.63)
Build info: version: '3.141.59', revision: 'e82be7d358', time: '2018-11-14T08:25:53'
System info: host: 'ELF34-AFSHAN', ip: '10.10.21.40', os.name: 'Windows 10', os.arch: 'amd64', os.version: '10.0', java.version: '1.8.0_202'
Driver info: driver.version: ChromeDriver
remote stacktrace: Backtrace:
	Ordinal0 [0x0054D953+2414931]
	Ordinal0 [0x004DF5E1+1963489]
	Ordinal0 [0x003CC580+836992]
	Ordinal0 [0x003C01E2+786914]
	Ordinal0 [0x003C0A18+789016]
	Ordinal0 [0x003C22F2+795378]
	Ordinal0 [0x003BBCA9+769193]
	Ordinal0 [0x003CDA30+842288]
	Ordinal0 [0x0041A199+1155481]
	Ordinal0 [0x00418D5A+1150298]
	Ordinal0 [0x004142B6+1131190]
	Ordinal0 [0x003EE860+976992]
	Ordinal0 [0x003EF756+980822]
	GetHandleVerifier [0x007BCC62+2510274]
	GetHandleVerifier [0x007AF760+2455744]
	GetHandleVerifier [0x005DEABA+551962]
	GetHandleVerifier [0x005DD916+547446]
	Ordinal0 [0x004E5F3B+1990459]
	Ordinal0 [0x004EA898+2009240]
	Ordinal0 [0x004EA985+2009477]
	Ordinal0 [0x004F3AD1+2046673]
	BaseThreadInitThunk [0x7578FA29+25]
	RtlGetAppContainerNamedObjectPath [0x77177A7E+286]
	RtlGetAppContainerNamedObjectPath [0x77177A4E+238]

	at sun.reflect.NativeConstructorAccessorImpl.newInstance0(Native Method)
	at sun.reflect.NativeConstructorAccessorImpl.newInstance(Unknown Source)
	at sun.reflect.DelegatingConstructorAccessorImpl.newInstance(Unknown Source)
	at java.lang.reflect.Constructor.newInstance(Unknown Source)
	at org.openqa.selenium.remote.W3CHandshakeResponse.lambda$errorHandler$0(W3CHandshakeResponse.java:62)
	at org.openqa.selenium.remote.HandshakeResponse.lambda$getResponseFunction$0(HandshakeResponse.java:30)
	at org.openqa.selenium.remote.ProtocolHandshake.lambda$createSession$0(ProtocolHandshake.java:126)
	at java.util.stream.ReferencePipeline$3$1.accept(Unknown Source)
	at java.util.Spliterators$ArraySpliterator.tryAdvance(Unknown Source)
	at java.util.stream.ReferencePipeline.forEachWithCancel(Unknown Source)
	at java.util.stream.AbstractPipeline.copyIntoWithCancel(Unknown Source)
	at java.util.stream.AbstractPipeline.copyInto(Unknown Source)
	at java.util.stream.AbstractPipeline.wrapAndCopyInto(Unknown Source)
	at java.util.stream.FindOps$FindOp.evaluateSequential(Unknown Source)
	at java.util.stream.AbstractPipeline.evaluate(Unknown Source)
	at java.util.stream.ReferencePipeline.findFirst(Unknown Source)
	at org.openqa.selenium.remote.ProtocolHandshake.createSession(ProtocolHandshake.java:128)
	at org.openqa.selenium.remote.ProtocolHandshake.createSession(ProtocolHandshake.java:74)
	at org.openqa.selenium.remote.HttpCommandExecutor.execute(HttpCommandExecutor.java:136)
	at org.openqa.selenium.remote.service.DriverCommandExecutor.execute(DriverCommandExecutor.java:83)
	at org.openqa.selenium.remote.RemoteWebDriver.execute(RemoteWebDriver.java:552)
	at org.openqa.selenium.remote.RemoteWebDriver.startSession(RemoteWebDriver.java:213)
	at org.openqa.selenium.remote.RemoteWebDriver.<init>(RemoteWebDriver.java:131)
	at org.openqa.selenium.chrome.ChromeDriver.<init>(ChromeDriver.java:181)
	at org.openqa.selenium.chrome.ChromeDriver.<init>(ChromeDriver.java:168)
	at org.openqa.selenium.chrome.ChromeDriver.<init>(ChromeDriver.java:123)
	at Advance_Selenium.DRopDownWithOutSElect.dropdown(DRopDownWithOutSElect.java:15)
	at sun.reflect.NativeMethodAccessorImpl.invoke0(Native Method)
	at sun.reflect.NativeMethodAccessorImpl.invoke(Unknown Source)
	at sun.reflect.DelegatingMethodAccessorImpl.invoke(Unknown Source)
	at java.lang.reflect.Method.invoke(Unknown Source)
	at org.testng.internal.MethodInvocationHelper.invokeMethod(MethodInvocationHelper.java:108)
	at org.testng.internal.Invoker.invokeMethod(Invoker.java:661)
	at org.testng.internal.Invoker.invokeTestMethod(Invoker.java:869)
	at org.testng.internal.Invoker.invokeTestMethods(Invoker.java:1193)
	at org.testng.internal.TestMethodWorker.invokeTestMethods(TestMethodWorker.java:126)
	at org.testng.internal.TestMethodWorker.run(TestMethodWorker.java:109)
	at org.testng.TestRunner.privateRun(TestRunner.java:744)
	at org.testng.TestRunner.run(TestRunner.java:602)
	at org.testng.SuiteRunner.runTest(SuiteRunner.java:380)
	at org.testng.SuiteRunner.runSequentially(SuiteRunner.java:375)
	at org.testng.SuiteRunner.privateRun(SuiteRunner.java:340)
	at org.testng.SuiteRunner.run(SuiteRunner.java:289)
	at org.testng.SuiteRunnerWorker.runSuite(SuiteRunnerWorker.java:52)
	at org.testng.SuiteRunnerWorker.run(SuiteRunnerWorker.java:86)
	at org.testng.TestNG.runSuitesSequentially(TestNG.java:1301)
	at org.testng.TestNG.runSuitesLocally(TestNG.java:1226)
	at org.testng.TestNG.runSuites(TestNG.java:1144)
	at org.testng.TestNG.run(TestNG.java:1115)
	at org.testng.remote.AbstractRemoteTestNG.run(AbstractRemoteTestNG.java:132)
	at org.testng.remote.RemoteTestNG.initAndRun(RemoteTestNG.java:230)
	at org.testng.remote.RemoteTestNG.main(RemoteTestNG.java:76)
]]>
    </error>
  </testcase> <!-- dropdown -->
</testsuite> <!-- Advance_Selenium.DRopDownWithOutSElect -->
